Analysis & Synthesis report for i2cSlaveTopAltera
Mon Sep 30 11:54:33 2019
Quartus II Version 11.0 Build 157 04/27/2011 SJ Full Version


---------------------
; Table of Contents ;
---------------------
  1. Legal Notice
  2. Analysis & Synthesis Summary
  3. Analysis & Synthesis Settings
  4. Parallel Compilation
  5. Analysis & Synthesis Source Files Read
  6. Analysis & Synthesis Resource Usage Summary
  7. Analysis & Synthesis Resource Utilization by Entity
  8. General Register Statistics
  9. Multiplexer Restructuring Statistics (Restructuring Performed)
 10. Analysis & Synthesis Messages



----------------
; Legal Notice ;
----------------
Copyright (C) 1991-2011 Altera Corporation
Your use of Altera Corporation's design tools, logic functions 
and other software and tools, and its AMPP partner logic 
functions, and any output files from any of the foregoing 
(including device programming or simulation files), and any 
associated documentation or information are expressly subject 
to the terms and conditions of the Altera Program License 
Subscription Agreement, Altera MegaCore Function License 
Agreement, or other applicable license agreement, including, 
without limitation, that your use is for the sole purpose of 
programming logic devices manufactured by Altera and sold by 
Altera or its authorized distributors.  Please refer to the 
applicable agreement for further details.



+-------------------------------------------------------------------------+
; Analysis & Synthesis Summary                                            ;
+-----------------------------+-------------------------------------------+
; Analysis & Synthesis Status ; Successful - Mon Sep 30 11:54:33 2019     ;
; Quartus II Version          ; 11.0 Build 157 04/27/2011 SJ Full Version ;
; Revision Name               ; i2cSlaveTopAltera                         ;
; Top-level Entity Name       ; testHarness                               ;
; Family                      ; MAX II                                    ;
; Total logic elements        ; 11                                        ;
; Total pins                  ; 7                                         ;
; Total virtual pins          ; 0                                         ;
; UFM blocks                  ; 0 / 1 ( 0 % )                             ;
+-----------------------------+-------------------------------------------+


+----------------------------------------------------------------------------------------------------------------------+
; Analysis & Synthesis Settings                                                                                        ;
+----------------------------------------------------------------------------+--------------------+--------------------+
; Option                                                                     ; Setting            ; Default Value      ;
+----------------------------------------------------------------------------+--------------------+--------------------+
; Device                                                                     ; EPM570T100C5       ;                    ;
; Top-level entity name                                                      ; testHarness        ; i2cSlaveTopAltera  ;
; Family name                                                                ; MAX II             ; Cyclone IV GX      ;
; Maximum processors allowed for parallel compilation                        ; All                ;                    ;
; Synchronization Register Chain Length                                      ; 2                  ; 3                  ;
; Use smart compilation                                                      ; Off                ; Off                ;
; Enable parallel Assembler and TimeQuest Timing Analyzer during compilation ; On                 ; On                 ;
; Enable compact report table                                                ; Off                ; Off                ;
; Restructure Multiplexers                                                   ; Auto               ; Auto               ;
; Create Debugging Nodes for IP Cores                                        ; Off                ; Off                ;
; Preserve fewer node names                                                  ; On                 ; On                 ;
; Disable OpenCore Plus hardware evaluation                                  ; Off                ; Off                ;
; Verilog Version                                                            ; Verilog_2001       ; Verilog_2001       ;
; VHDL Version                                                               ; VHDL_1993          ; VHDL_1993          ;
; State Machine Processing                                                   ; Auto               ; Auto               ;
; Safe State Machine                                                         ; Off                ; Off                ;
; Extract Verilog State Machines                                             ; On                 ; On                 ;
; Extract VHDL State Machines                                                ; On                 ; On                 ;
; Ignore Verilog initial constructs                                          ; Off                ; Off                ;
; Iteration limit for constant Verilog loops                                 ; 5000               ; 5000               ;
; Iteration limit for non-constant Verilog loops                             ; 250                ; 250                ;
; Add Pass-Through Logic to Inferred RAMs                                    ; On                 ; On                 ;
; Parallel Synthesis                                                         ; Off                ; Off                ;
; NOT Gate Push-Back                                                         ; On                 ; On                 ;
; Power-Up Don't Care                                                        ; On                 ; On                 ;
; Remove Redundant Logic Cells                                               ; Off                ; Off                ;
; Remove Duplicate Registers                                                 ; On                 ; On                 ;
; Ignore CARRY Buffers                                                       ; Off                ; Off                ;
; Ignore CASCADE Buffers                                                     ; Off                ; Off                ;
; Ignore GLOBAL Buffers                                                      ; Off                ; Off                ;
; Ignore ROW GLOBAL Buffers                                                  ; Off                ; Off                ;
; Ignore LCELL Buffers                                                       ; Off                ; Off                ;
; Ignore SOFT Buffers                                                        ; On                 ; On                 ;
; Limit AHDL Integers to 32 Bits                                             ; Off                ; Off                ;
; Optimization Technique                                                     ; Balanced           ; Balanced           ;
; Carry Chain Length                                                         ; 70                 ; 70                 ;
; Auto Carry Chains                                                          ; On                 ; On                 ;
; Auto Open-Drain Pins                                                       ; On                 ; On                 ;
; Perform WYSIWYG Primitive Resynthesis                                      ; Off                ; Off                ;
; Auto Shift Register Replacement                                            ; Auto               ; Auto               ;
; Allow Shift Register Merging across Hierarchies                            ; Auto               ; Auto               ;
; Auto Clock Enable Replacement                                              ; On                 ; On                 ;
; Allow Synchronous Control Signals                                          ; On                 ; On                 ;
; Force Use of Synchronous Clear Signals                                     ; Off                ; Off                ;
; Auto Resource Sharing                                                      ; Off                ; Off                ;
; Use LogicLock Constraints during Resource Balancing                        ; On                 ; On                 ;
; Ignore translate_off and synthesis_off directives                          ; Off                ; Off                ;
; Report Parameter Settings                                                  ; On                 ; On                 ;
; Report Source Assignments                                                  ; On                 ; On                 ;
; Report Connectivity Checks                                                 ; On                 ; On                 ;
; Ignore Maximum Fan-Out Assignments                                         ; Off                ; Off                ;
; PowerPlay Power Optimization                                               ; Normal compilation ; Normal compilation ;
; HDL message level                                                          ; Level2             ; Level2             ;
; Suppress Register Optimization Related Messages                            ; Off                ; Off                ;
; Number of Removed Registers Reported in Synthesis Report                   ; 5000               ; 5000               ;
; Number of Inverted Registers Reported in Synthesis Report                  ; 100                ; 100                ;
; Clock MUX Protection                                                       ; On                 ; On                 ;
; Block Design Naming                                                        ; Auto               ; Auto               ;
; Synthesis Effort                                                           ; Auto               ; Auto               ;
; Shift Register Replacement - Allow Asynchronous Clear Signal               ; On                 ; On                 ;
; Analysis & Synthesis Message Level                                         ; Medium             ; Medium             ;
; Disable Register Merging Across Hierarchies                                ; Auto               ; Auto               ;
; Synthesis Seed                                                             ; 1                  ; 1                  ;
+----------------------------------------------------------------------------+--------------------+--------------------+


+------------------------------------------+
; Parallel Compilation                     ;
+----------------------------+-------------+
; Processors                 ; Number      ;
+----------------------------+-------------+
; Number detected on machine ; 2           ;
; Maximum allowed            ; 2           ;
;                            ;             ;
; Average used               ; 1.00        ;
; Maximum used               ; 1           ;
;                            ;             ;
; Usage by Processor         ; % Time Used ;
;     1 processor            ; 100.0%      ;
;     2 processors           ;   0.0%      ;
+----------------------------+-------------+


+------------------------------------------------------------------------------------------------------------------------------------+
; Analysis & Synthesis Source Files Read                                                                                             ;
+----------------------------------+-----------------+------------------------+------------------------------------------------------+
; File Name with User-Entered Path ; Used in Netlist ; File Type              ; File Name with Absolute Path                         ;
+----------------------------------+-----------------+------------------------+------------------------------------------------------+
; ../../rtl/T_FF.v                 ; yes             ; User Verilog HDL File  ; D:/cpld/cpld_co_dev/truck/rtl/T_FF.v                 ;
; ../../rtl/ripple_carry_counter.v ; yes             ; User Verilog HDL File  ; D:/cpld/cpld_co_dev/truck/rtl/ripple_carry_counter.v ;
; ../../rtl/pulse.v                ; yes             ; User Verilog HDL File  ; D:/cpld/cpld_co_dev/truck/rtl/pulse.v                ;
; ../../rtl/D_FF.v                 ; yes             ; User Verilog HDL File  ; D:/cpld/cpld_co_dev/truck/rtl/D_FF.v                 ;
; testHarness.v                    ; yes             ; User Verilog HDL File  ; D:/cpld/cpld_co_dev/truck/syn/Altera/testHarness.v   ;
+----------------------------------+-----------------+------------------------+------------------------------------------------------+


+-----------------------------------------------------+
; Analysis & Synthesis Resource Usage Summary         ;
+---------------------------------------------+-------+
; Resource                                    ; Usage ;
+---------------------------------------------+-------+
; Total logic elements                        ; 11    ;
;     -- Combinational with no register       ; 2     ;
;     -- Register only                        ; 0     ;
;     -- Combinational with a register        ; 9     ;
;                                             ;       ;
; Logic element usage by number of LUT inputs ;       ;
;     -- 4 input functions                    ; 2     ;
;     -- 3 input functions                    ; 4     ;
;     -- 2 input functions                    ; 1     ;
;     -- 1 input functions                    ; 4     ;
;     -- 0 input functions                    ; 0     ;
;                                             ;       ;
; Logic elements by mode                      ;       ;
;     -- normal mode                          ; 11    ;
;     -- arithmetic mode                      ; 0     ;
;     -- qfbk mode                            ; 0     ;
;     -- register cascade mode                ; 0     ;
;     -- synchronous clear/load mode          ; 0     ;
;     -- asynchronous clear/load mode         ; 4     ;
;                                             ;       ;
; Total registers                             ; 9     ;
; I/O pins                                    ; 7     ;
; Maximum fan-out node                        ; rst   ;
; Maximum fan-out                             ; 8     ;
; Total fan-out                               ; 44    ;
; Average fan-out                             ; 2.44  ;
+---------------------------------------------+-------+


+------------------------------------------------------------------------------------------------------------------------------------------------------------------------------------------------------------------------------------------------------------------------------------------+
; Analysis & Synthesis Resource Utilization by Entity                                                                                                                                                                                                                                      ;
+--------------------------------------------+-------------+--------------+------------+------+--------------+--------------+-------------------+------------------+-----------------+------------+-------------------------------------------------------------------------+--------------+
; Compilation Hierarchy Node                 ; Logic Cells ; LC Registers ; UFM Blocks ; Pins ; Virtual Pins ; LUT-Only LCs ; Register-Only LCs ; LUT/Register LCs ; Carry Chain LCs ; Packed LCs ; Full Hierarchy Name                                                     ; Library Name ;
+--------------------------------------------+-------------+--------------+------------+------+--------------+--------------+-------------------+------------------+-----------------+------------+-------------------------------------------------------------------------+--------------+
; |testHarness                               ; 11 (0)      ; 9            ; 0          ; 7    ; 0            ; 2 (0)        ; 0 (0)             ; 9 (0)            ; 0 (0)           ; 0 (0)      ; |testHarness                                                            ; work         ;
;    |pulse:u1_pulse|                        ; 7 (7)       ; 5            ; 0          ; 0    ; 0            ; 2 (2)        ; 0 (0)             ; 5 (5)            ; 0 (0)           ; 0 (0)      ; |testHarness|pulse:u1_pulse                                             ; work         ;
;    |ripple_carry_counter:u1_carry_counter| ; 4 (0)       ; 4            ; 0          ; 0    ; 0            ; 0 (0)        ; 0 (0)             ; 4 (0)            ; 0 (0)           ; 0 (0)      ; |testHarness|ripple_carry_counter:u1_carry_counter                      ; work         ;
;       |T_FF:tff0|                          ; 1 (0)       ; 1            ; 0          ; 0    ; 0            ; 0 (0)        ; 0 (0)             ; 1 (0)            ; 0 (0)           ; 0 (0)      ; |testHarness|ripple_carry_counter:u1_carry_counter|T_FF:tff0            ; work         ;
;          |D_FF:u_DFF|                      ; 1 (1)       ; 1            ; 0          ; 0    ; 0            ; 0 (0)        ; 0 (0)             ; 1 (1)            ; 0 (0)           ; 0 (0)      ; |testHarness|ripple_carry_counter:u1_carry_counter|T_FF:tff0|D_FF:u_DFF ; work         ;
;       |T_FF:tff1|                          ; 1 (0)       ; 1            ; 0          ; 0    ; 0            ; 0 (0)        ; 0 (0)             ; 1 (0)            ; 0 (0)           ; 0 (0)      ; |testHarness|ripple_carry_counter:u1_carry_counter|T_FF:tff1            ; work         ;
;          |D_FF:u_DFF|                      ; 1 (1)       ; 1            ; 0          ; 0    ; 0            ; 0 (0)        ; 0 (0)             ; 1 (1)            ; 0 (0)           ; 0 (0)      ; |testHarness|ripple_carry_counter:u1_carry_counter|T_FF:tff1|D_FF:u_DFF ; work         ;
;       |T_FF:tff2|                          ; 1 (0)       ; 1            ; 0          ; 0    ; 0            ; 0 (0)        ; 0 (0)             ; 1 (0)            ; 0 (0)           ; 0 (0)      ; |testHarness|ripple_carry_counter:u1_carry_counter|T_FF:tff2            ; work         ;
;          |D_FF:u_DFF|                      ; 1 (1)       ; 1            ; 0          ; 0    ; 0            ; 0 (0)        ; 0 (0)             ; 1 (1)            ; 0 (0)           ; 0 (0)      ; |testHarness|ripple_carry_counter:u1_carry_counter|T_FF:tff2|D_FF:u_DFF ; work         ;
;       |T_FF:tff3|                          ; 1 (0)       ; 1            ; 0          ; 0    ; 0            ; 0 (0)        ; 0 (0)             ; 1 (0)            ; 0 (0)           ; 0 (0)      ; |testHarness|ripple_carry_counter:u1_carry_counter|T_FF:tff3            ; work         ;
;          |D_FF:u_DFF|                      ; 1 (1)       ; 1            ; 0          ; 0    ; 0            ; 0 (0)        ; 0 (0)             ; 1 (1)            ; 0 (0)           ; 0 (0)      ; |testHarness|ripple_carry_counter:u1_carry_counter|T_FF:tff3|D_FF:u_DFF ; work         ;
+--------------------------------------------+-------------+--------------+------------+------+--------------+--------------+-------------------+------------------+-----------------+------------+-------------------------------------------------------------------------+--------------+
Note: For table entries with two numbers listed, the numbers in parentheses indicate the number of resources of the given type used by the specific entity alone. The numbers listed outside of parentheses indicate the total resources of the given type used by the specific entity and all of its sub-entities in the hierarchy.


+------------------------------------------------------+
; General Register Statistics                          ;
+----------------------------------------------+-------+
; Statistic                                    ; Value ;
+----------------------------------------------+-------+
; Total registers                              ; 9     ;
; Number of registers using Synchronous Clear  ; 0     ;
; Number of registers using Synchronous Load   ; 0     ;
; Number of registers using Asynchronous Clear ; 4     ;
; Number of registers using Asynchronous Load  ; 0     ;
; Number of registers using Clock Enable       ; 0     ;
; Number of registers using Preset             ; 0     ;
+----------------------------------------------+-------+


+------------------------------------------------------------------------------------------------------------------------------------------------------------------+
; Multiplexer Restructuring Statistics (Restructuring Performed)                                                                                                   ;
+--------------------+-----------+---------------+----------------------+------------------------+------------------------------------+----------------------------+
; Multiplexer Inputs ; Bus Width ; Baseline Area ; Area if Restructured ; Saving if Restructured ; Registered                         ; Example Multiplexer Output ;
+--------------------+-----------+---------------+----------------------+------------------------+------------------------------------+----------------------------+
; 3:1                ; 4 bits    ; 8 LEs         ; 4 LEs                ; 4 LEs                  ; |testHarness|pulse:u1_pulse|div[3] ;                            ;
+--------------------+-----------+---------------+----------------------+------------------------+------------------------------------+----------------------------+


+-------------------------------+
; Analysis & Synthesis Messages ;
+-------------------------------+
Info: *******************************************************************
Info: Running Quartus II Analysis & Synthesis
    Info: Version 11.0 Build 157 04/27/2011 SJ Full Version
    Info: Processing started: Mon Sep 30 11:54:32 2019
Info: Command: quartus_map --read_settings_files=on --write_settings_files=off i2cSlaveTopAltera -c i2cSlaveTopAltera
Info: Parallel compilation is enabled and will use 2 of the 2 processors detected
Info: Found 0 design units, including 0 entities, in source file /cpld/cpld_co_dev/truck/rtl/timescale.v
Info: Found 1 design units, including 1 entities, in source file /cpld/cpld_co_dev/truck/rtl/t_ff.v
    Info: Found entity 1: T_FF
Info: Found 1 design units, including 1 entities, in source file /cpld/cpld_co_dev/truck/rtl/ripple_carry_counter.v
    Info: Found entity 1: ripple_carry_counter
Info: Found 0 design units, including 0 entities, in source file /cpld/cpld_co_dev/truck/rtl/pwm.v
Info: Found 1 design units, including 1 entities, in source file /cpld/cpld_co_dev/truck/rtl/pulse.v
    Info: Found entity 1: pulse
Info: Found 1 design units, including 1 entities, in source file /cpld/cpld_co_dev/truck/rtl/d_ff.v
    Info: Found entity 1: D_FF
Info: Found 1 design units, including 1 entities, in source file testharness.v
    Info: Found entity 1: testHarness
Info: Elaborating entity "testHarness" for the top level hierarchy
Info: Elaborating entity "pulse" for hierarchy "pulse:u1_pulse"
Warning (10230): Verilog HDL assignment warning at pulse.v(22): truncated value with size 32 to match size of target (4)
Info: Elaborating entity "ripple_carry_counter" for hierarchy "ripple_carry_counter:u1_carry_counter"
Info: Elaborating entity "T_FF" for hierarchy "ripple_carry_counter:u1_carry_counter|T_FF:tff0"
Info: Elaborating entity "D_FF" for hierarchy "ripple_carry_counter:u1_carry_counter|T_FF:tff0|D_FF:u_DFF"
Info: Implemented 18 device resources after synthesis - the final resource count might be different
    Info: Implemented 2 input pins
    Info: Implemented 5 output pins
    Info: Implemented 11 logic cells
Info: Quartus II Analysis & Synthesis was successful. 0 errors, 1 warning
    Info: Peak virtual memory: 282 megabytes
    Info: Processing ended: Mon Sep 30 11:54:33 2019
    Info: Elapsed time: 00:00:01
    Info: Total CPU time (on all processors): 00:00:01


