Flow report for i2cSlaveTopAltera
Mon Sep 30 11:54:51 2019
Quartus II Version 11.0 Build 157 04/27/2011 SJ Full Version


---------------------
; Table of Contents ;
---------------------
  1. Legal Notice
  2. Flow Summary
  3. Flow Settings
  4. Flow Non-Default Global Settings
  5. Flow Elapsed Time
  6. Flow OS Summary
  7. Flow Log



----------------
; Legal Notice ;
----------------
Copyright (C) 1991-2011 Altera Corporation
Your use of Altera Corporation's design tools, logic functions 
and other software and tools, and its AMPP partner logic 
functions, and any output files from any of the foregoing 
(including device programming or simulation files), and any 
associated documentation or information are expressly subject 
to the terms and conditions of the Altera Program License 
Subscription Agreement, Altera MegaCore Function License 
Agreement, or other applicable license agreement, including, 
without limitation, that your use is for the sole purpose of 
programming logic devices manufactured by Altera and sold by 
Altera or its authorized distributors.  Please refer to the 
applicable agreement for further details.



+-------------------------------------------------------------------+
; Flow Summary                                                      ;
+-----------------------+-------------------------------------------+
; Flow Status           ; Successful - Mon Sep 30 11:54:51 2019     ;
; Quartus II Version    ; 11.0 Build 157 04/27/2011 SJ Full Version ;
; Revision Name         ; i2cSlaveTopAltera                         ;
; Top-level Entity Name ; testHarness                               ;
; Family                ; MAX II                                    ;
; Device                ; EPM570T100C5                              ;
; Timing Models         ; Final                                     ;
; Total logic elements  ; 11 / 570 ( 2 % )                          ;
; Total pins            ; 7 / 76 ( 9 % )                            ;
; Total virtual pins    ; 0                                         ;
; UFM blocks            ; 0 / 1 ( 0 % )                             ;
+-----------------------+-------------------------------------------+


+-----------------------------------------+
; Flow Settings                           ;
+-------------------+---------------------+
; Option            ; Setting             ;
+-------------------+---------------------+
; Start date & time ; 09/30/2019 11:54:33 ;
; Main task         ; Compilation         ;
; Revision Name     ; i2cSlaveTopAltera   ;
+-------------------+---------------------+


+------------------------------------------------------------------------------------------------------------------------+
; Flow Non-Default Global Settings                                                                                       ;
+---------------------------------------+---------------------------------+-------------------+-------------+------------+
; Assignment Name                       ; Value                           ; Default Value     ; Entity Name ; Section Id ;
+---------------------------------------+---------------------------------+-------------------+-------------+------------+
; COMPILER_SIGNATURE_ID                 ; 264800831639338.156981567209884 ; --                ; --          ; --         ;
; MAX_CORE_JUNCTION_TEMP                ; 85                              ; --                ; --          ; --         ;
; MIN_CORE_JUNCTION_TEMP                ; 0                               ; --                ; --          ; --         ;
; NUMBER_OF_PATHS_TO_REPORT             ; 1000                            ; 200               ; --          ; --         ;
; NUM_PARALLEL_PROCESSORS               ; All                             ; --                ; --          ; --         ;
; OPTIMIZE_MULTI_CORNER_TIMING          ; Off                             ; On                ; --          ; --         ;
; PARTITION_COLOR                       ; 2147039                         ; --                ; testHarness ; Top        ;
; PARTITION_NETLIST_TYPE                ; SOURCE                          ; --                ; testHarness ; Top        ;
; POWER_PRESET_COOLING_SOLUTION         ; No Heat Sink With Still Air     ; --                ; --          ; --         ;
; SYNCHRONIZATION_REGISTER_CHAIN_LENGTH ; 2                               ; 3                 ; --          ; --         ;
; TIMEQUEST_DO_REPORT_TIMING            ; On                              ; Off               ; --          ; --         ;
; TOP_LEVEL_ENTITY                      ; testHarness                     ; i2cSlaveTopAltera ; --          ; --         ;
; USER_LIBRARIES                        ; ../../rtl/                      ; --                ; --          ; --         ;
; USE_GENERATED_PHYSICAL_CONSTRAINTS    ; Off                             ; --                ; --          ; eda_palace ;
+---------------------------------------+---------------------------------+-------------------+-------------+------------+


+-------------------------------------------------------------------------------------------------------------------------------+
; Flow Elapsed Time                                                                                                             ;
+---------------------------+--------------+-------------------------+---------------------+------------------------------------+
; Module Name               ; Elapsed Time ; Average Processors Used ; Peak Virtual Memory ; Total CPU Time (on all processors) ;
+---------------------------+--------------+-------------------------+---------------------+------------------------------------+
; Analysis & Synthesis      ; 00:00:01     ; 1.0                     ; 282 MB              ; 00:00:01                           ;
; Fitter                    ; 00:00:02     ; 1.0                     ; 350 MB              ; 00:00:01                           ;
; Assembler                 ; 00:00:01     ; 1.0                     ; 261 MB              ; 00:00:01                           ;
; TimeQuest Timing Analyzer ; 00:00:01     ; 1.0                     ; 252 MB              ; 00:00:01                           ;
; Total                     ; 00:00:05     ; --                      ; --                  ; 00:00:04                           ;
+---------------------------+--------------+-------------------------+---------------------+------------------------------------+


+----------------------------------------------------------------------------------------+
; Flow OS Summary                                                                        ;
+---------------------------+------------------+-----------+------------+----------------+
; Module Name               ; Machine Hostname ; OS Name   ; OS Version ; Processor type ;
+---------------------------+------------------+-----------+------------+----------------+
; Analysis & Synthesis      ; DESKTOP-NMJ6JQI  ; Windows 7 ; 6.2        ; x86_64         ;
; Fitter                    ; DESKTOP-NMJ6JQI  ; Windows 7 ; 6.2        ; x86_64         ;
; Assembler                 ; DESKTOP-NMJ6JQI  ; Windows 7 ; 6.2        ; x86_64         ;
; TimeQuest Timing Analyzer ; DESKTOP-NMJ6JQI  ; Windows 7 ; 6.2        ; x86_64         ;
+---------------------------+------------------+-----------+------------+----------------+


------------
; Flow Log ;
------------
quartus_map --read_settings_files=on --write_settings_files=off i2cSlaveTopAltera -c i2cSlaveTopAltera
quartus_fit --read_settings_files=off --write_settings_files=off i2cSlaveTopAltera -c i2cSlaveTopAltera
quartus_asm --read_settings_files=off --write_settings_files=off i2cSlaveTopAltera -c i2cSlaveTopAltera
quartus_sta i2cSlaveTopAltera -c i2cSlaveTopAltera
quartus_eda --read_settings_files=on --write_settings_files=off i2cSlaveTopAltera -c i2cSlaveTopAltera



