Flow report for my_uart_top
Tue Jul 24 16:07:12 2012
Quartus II Version 11.0 Build 157 04/27/2011 SJ Full Version


---------------------
; Table of Contents ;
---------------------
  1. Legal Notice
  2. Flow Summary
  3. Flow Settings
  4. Flow Non-Default Global Settings
  5. Flow Elapsed Time
  6. Flow OS Summary
  7. Flow Log



----------------
; Legal Notice ;
----------------
Copyright (C) 1991-2011 Altera Corporation
Your use of Altera Corporation's design tools, logic functions 
and other software and tools, and its AMPP partner logic 
functions, and any output files from any of the foregoing 
(including device programming or simulation files), and any 
associated documentation or information are expressly subject 
to the terms and conditions of the Altera Program License 
Subscription Agreement, Altera MegaCore Function License 
Agreement, or other applicable license agreement, including, 
without limitation, that your use is for the sole purpose of 
programming logic devices manufactured by Altera and sold by 
Altera or its authorized distributors.  Please refer to the 
applicable agreement for further details.



+-------------------------------------------------------------------+
; Flow Summary                                                      ;
+-----------------------+-------------------------------------------+
; Flow Status           ; Successful - Tue Jul 24 16:07:11 2012     ;
; Quartus II Version    ; 11.0 Build 157 04/27/2011 SJ Full Version ;
; Revision Name         ; my_uart_top                               ;
; Top-level Entity Name ; my_uart_top                               ;
; Family                ; MAX II                                    ;
; Device                ; EPM570T100C5                              ;
; Timing Models         ; Final                                     ;
; Total logic elements  ; 106 / 570 ( 19 % )                        ;
; Total pins            ; 4 / 76 ( 5 % )                            ;
; Total virtual pins    ; 0                                         ;
; UFM blocks            ; 0 / 1 ( 0 % )                             ;
+-----------------------+-------------------------------------------+


+-----------------------------------------+
; Flow Settings                           ;
+-------------------+---------------------+
; Option            ; Setting             ;
+-------------------+---------------------+
; Start date & time ; 07/24/2012 16:06:53 ;
; Main task         ; Compilation         ;
; Revision Name     ; my_uart_top         ;
+-------------------+---------------------+


+---------------------------------------------------------------------------------------------------------------------------------------------------------------------------+
; Flow Non-Default Global Settings                                                                                                                                          ;
+-------------------------------------+------------------------------------------------------------------------------------------+---------------+-------------+------------+
; Assignment Name                     ; Value                                                                                    ; Default Value ; Entity Name ; Section Id ;
+-------------------------------------+------------------------------------------------------------------------------------------+---------------+-------------+------------+
; COMPILER_SIGNATURE_ID               ; 155114395475.134311721305192                                                             ; --            ; --          ; --         ;
; MAX_CORE_JUNCTION_TEMP              ; 85                                                                                       ; --            ; --          ; --         ;
; MIN_CORE_JUNCTION_TEMP              ; 0                                                                                        ; --            ; --          ; --         ;
; MISC_FILE                           ; C:/franchiese/GR/BJ-EPM/实验例程以及说明文档0316/8、串口通信/uartverilog/my_uart_top.dpf ; --            ; --          ; --         ;
; PARTITION_COLOR                     ; 16764057                                                                                 ; --            ; --          ; Top        ;
; PARTITION_FITTER_PRESERVATION_LEVEL ; PLACEMENT_AND_ROUTING                                                                    ; --            ; --          ; Top        ;
; PARTITION_NETLIST_TYPE              ; SOURCE                                                                                   ; --            ; --          ; Top        ;
; POWER_PRESET_COOLING_SOLUTION       ; No Heat Sink With Still Air                                                              ; --            ; --          ; --         ;
; VERILOG_SHOW_LMF_MAPPING_MESSAGES   ; Off                                                                                      ; --            ; --          ; --         ;
+-------------------------------------+------------------------------------------------------------------------------------------+---------------+-------------+------------+


+-------------------------------------------------------------------------------------------------------------------------------+
; Flow Elapsed Time                                                                                                             ;
+---------------------------+--------------+-------------------------+---------------------+------------------------------------+
; Module Name               ; Elapsed Time ; Average Processors Used ; Peak Virtual Memory ; Total CPU Time (on all processors) ;
+---------------------------+--------------+-------------------------+---------------------+------------------------------------+
; Analysis & Synthesis      ; 00:00:05     ; 1.0                     ; 218 MB              ; 00:00:05                           ;
; Fitter                    ; 00:00:06     ; 1.0                     ; 261 MB              ; 00:00:06                           ;
; Assembler                 ; 00:00:08     ; 1.0                     ; 194 MB              ; 00:00:05                           ;
; TimeQuest Timing Analyzer ; 00:00:10     ; 1.0                     ; 187 MB              ; 00:00:05                           ;
; Total                     ; 00:00:29     ; --                      ; --                  ; 00:00:21                           ;
+---------------------------+--------------+-------------------------+---------------------+------------------------------------+


+-----------------------------------------------------------------------------------------+
; Flow OS Summary                                                                         ;
+---------------------------+------------------+------------+------------+----------------+
; Module Name               ; Machine Hostname ; OS Name    ; OS Version ; Processor type ;
+---------------------------+------------------+------------+------------+----------------+
; Analysis & Synthesis      ; MICROSOF-DB9F28  ; Windows XP ; 5.1        ; i1686          ;
; Fitter                    ; MICROSOF-DB9F28  ; Windows XP ; 5.1        ; i1686          ;
; Assembler                 ; MICROSOF-DB9F28  ; Windows XP ; 5.1        ; i1686          ;
; TimeQuest Timing Analyzer ; MICROSOF-DB9F28  ; Windows XP ; 5.1        ; i1686          ;
+---------------------------+------------------+------------+------------+----------------+


------------
; Flow Log ;
------------
quartus_map --read_settings_files=on --write_settings_files=off my_uart_top -c my_uart_top
quartus_fit --read_settings_files=off --write_settings_files=off my_uart_top -c my_uart_top
quartus_asm --read_settings_files=off --write_settings_files=off my_uart_top -c my_uart_top
quartus_sta my_uart_top -c my_uart_top



