Flow report for ckey_led
Tue Jul 24 15:59:27 2012
Quartus II Version 11.0 Build 157 04/27/2011 SJ Full Version


---------------------
; Table of Contents ;
---------------------
  1. Legal Notice
  2. Flow Summary
  3. Flow Settings
  4. Flow Non-Default Global Settings
  5. Flow Elapsed Time
  6. Flow OS Summary
  7. Flow Log



----------------
; Legal Notice ;
----------------
Copyright (C) 1991-2011 Altera Corporation
Your use of Altera Corporation's design tools, logic functions 
and other software and tools, and its AMPP partner logic 
functions, and any output files from any of the foregoing 
(including device programming or simulation files), and any 
associated documentation or information are expressly subject 
to the terms and conditions of the Altera Program License 
Subscription Agreement, Altera MegaCore Function License 
Agreement, or other applicable license agreement, including, 
without limitation, that your use is for the sole purpose of 
programming logic devices manufactured by Altera and sold by 
Altera or its authorized distributors.  Please refer to the 
applicable agreement for further details.



+-------------------------------------------------------------------+
; Flow Summary                                                      ;
+-----------------------+-------------------------------------------+
; Flow Status           ; Successful - Tue Jul 24 15:59:27 2012     ;
; Quartus II Version    ; 11.0 Build 157 04/27/2011 SJ Full Version ;
; Revision Name         ; ckey_led                                  ;
; Top-level Entity Name ; ckey_led                                  ;
; Family                ; MAX II                                    ;
; Device                ; EPM570T100C5                              ;
; Timing Models         ; Final                                     ;
; Total logic elements  ; 0 / 570 ( 0 % )                           ;
; Total pins            ; 8 / 76 ( 11 % )                           ;
; Total virtual pins    ; 0                                         ;
; UFM blocks            ; 0 / 1 ( 0 % )                             ;
+-----------------------+-------------------------------------------+


+-----------------------------------------+
; Flow Settings                           ;
+-------------------+---------------------+
; Option            ; Setting             ;
+-------------------+---------------------+
; Start date & time ; 07/24/2012 15:59:10 ;
; Main task         ; Compilation         ;
; Revision Name     ; ckey_led            ;
+-------------------+---------------------+


+---------------------------------------------------------------------------------------------------------------------------+
; Flow Non-Default Global Settings                                                                                          ;
+-------------------------------------+--------------------------------------+---------------+-------------+----------------+
; Assignment Name                     ; Value                                ; Default Value ; Entity Name ; Section Id     ;
+-------------------------------------+--------------------------------------+---------------+-------------+----------------+
; COMPILER_SIGNATURE_ID               ; 155114395475.134311675005892         ; --            ; --          ; --             ;
; MAX_CORE_JUNCTION_TEMP              ; 85                                   ; --            ; --          ; --             ;
; MIN_CORE_JUNCTION_TEMP              ; 0                                    ; --            ; --          ; --             ;
; MISC_FILE                           ; D:/fpgatest/wx/ckey_led/ckey_led.dpf ; --            ; --          ; --             ;
; MISC_FILE                           ; F:/fpgatest/wx/ckey_led/ckey_led.dpf ; --            ; --          ; --             ;
; PARTITION_COLOR                     ; 16764057                             ; --            ; --          ; Top            ;
; PARTITION_FITTER_PRESERVATION_LEVEL ; PLACEMENT_AND_ROUTING                ; --            ; --          ; Top            ;
; PARTITION_NETLIST_TYPE              ; SOURCE                               ; --            ; --          ; Top            ;
; USE_GENERATED_PHYSICAL_CONSTRAINTS  ; Off                                  ; --            ; --          ; eda_blast_fpga ;
+-------------------------------------+--------------------------------------+---------------+-------------+----------------+


+-------------------------------------------------------------------------------------------------------------------------------+
; Flow Elapsed Time                                                                                                             ;
+---------------------------+--------------+-------------------------+---------------------+------------------------------------+
; Module Name               ; Elapsed Time ; Average Processors Used ; Peak Virtual Memory ; Total CPU Time (on all processors) ;
+---------------------------+--------------+-------------------------+---------------------+------------------------------------+
; Analysis & Synthesis      ; 00:00:05     ; 1.0                     ; 211 MB              ; 00:00:05                           ;
; Fitter                    ; 00:00:05     ; 1.0                     ; 260 MB              ; 00:00:05                           ;
; Assembler                 ; 00:00:08     ; 1.0                     ; 194 MB              ; 00:00:04                           ;
; TimeQuest Timing Analyzer ; 00:00:09     ; 1.0                     ; 186 MB              ; 00:00:05                           ;
; Total                     ; 00:00:27     ; --                      ; --                  ; 00:00:19                           ;
+---------------------------+--------------+-------------------------+---------------------+------------------------------------+


+-----------------------------------------------------------------------------------------+
; Flow OS Summary                                                                         ;
+---------------------------+------------------+------------+------------+----------------+
; Module Name               ; Machine Hostname ; OS Name    ; OS Version ; Processor type ;
+---------------------------+------------------+------------+------------+----------------+
; Analysis & Synthesis      ; MICROSOF-DB9F28  ; Windows XP ; 5.1        ; i1686          ;
; Fitter                    ; MICROSOF-DB9F28  ; Windows XP ; 5.1        ; i1686          ;
; Assembler                 ; MICROSOF-DB9F28  ; Windows XP ; 5.1        ; i1686          ;
; TimeQuest Timing Analyzer ; MICROSOF-DB9F28  ; Windows XP ; 5.1        ; i1686          ;
+---------------------------+------------------+------------+------------+----------------+


------------
; Flow Log ;
------------
quartus_map --read_settings_files=on --write_settings_files=off ckey_led -c ckey_led
quartus_fit --read_settings_files=off --write_settings_files=off ckey_led -c ckey_led
quartus_asm --read_settings_files=off --write_settings_files=off ckey_led -c ckey_led
quartus_sta ckey_led -c ckey_led



